{
  "RSpec": {
    "coverage": {
      "/Users/elsushi/Makers/week8/blog/config/environment.rb": [
        null,
        1,
        null,
        null,
        1
      ],
      "/Users/elsushi/Makers/week8/blog/config/application.rb": [
        1,
        null,
        1,
        null,
        null,
        null,
        1,
        null,
        1,
        1,
        null,
        null,
        null,
        null,
        null,
        null,
        null,
        null,
        null,
        null,
        null,
        null,
        null
      ],
      "/Users/elsushi/Makers/week8/blog/config/boot.rb": [
        null,
        1,
        null,
        1
      ],
      "/Users/elsushi/Makers/week8/blog/config/environments/test.rb": [
        1,
        null,
        null,
        null,
        null,
        null,
        null,
        1,
        null,
        null,
        null,
        null,
        1,
        null,
        null,
        1,
        1,
        null,
        null,
        1,
        1,
        null,
        null,
        1,
        null,
        null,
        1,
        null,
        null,
        null,
        null,
        1,
        null,
        null,
        1,
        null
      ],
      "/Users/elsushi/Makers/week8/blog/config/initializers/backtrace_silencers.rb": [
        null,
        null,
        null,
        null,
        null,
        null,
        null
      ],
      "/Users/elsushi/Makers/week8/blog/config/initializers/filter_parameter_logging.rb": [
        null,
        null,
        null,
        1
      ],
      "/Users/elsushi/Makers/week8/blog/config/initializers/inflections.rb": [
        null,
        null,
        null,
        null,
        null,
        null,
        null,
        null,
        null,
        null,
        null,
        null,
        null,
        null,
        null,
        null
      ],
      "/Users/elsushi/Makers/week8/blog/config/initializers/mime_types.rb": [
        null,
        null,
        null,
        null,
        null
      ],
      "/Users/elsushi/Makers/week8/blog/config/initializers/secret_token.rb": [
        null,
        null,
        null,
        null,
        null,
        null,
        null,
        null,
        null,
        null,
        null,
        1
      ],
      "/Users/elsushi/Makers/week8/blog/config/initializers/session_store.rb": [
        null,
        null,
        1
      ],
      "/Users/elsushi/Makers/week8/blog/config/initializers/wrap_parameters.rb": [
        null,
        null,
        null,
        null,
        null,
        null,
        1,
        1,
        null,
        null,
        null,
        null,
        null,
        null
      ],
      "/Users/elsushi/Makers/week8/blog/config/routes.rb": [
        1,
        1,
        null,
        1,
        1,
        1,
        null,
        1,
        null,
        null,
        null,
        null,
        null,
        null,
        null,
        null,
        null,
        null,
        null,
        null,
        null,
        null,
        null,
        null,
        null,
        null,
        null,
        null,
        null,
        null,
        null,
        null,
        null,
        null,
        null,
        null,
        null,
        null,
        null,
        null,
        null,
        null,
        null,
        null,
        null,
        null,
        null,
        null,
        null,
        null,
        null,
        null,
        null,
        null,
        null,
        null,
        null,
        null,
        null,
        null,
        null,
        null,
        null,
        null,
        null,
        null,
        null
      ],
      "/Users/elsushi/Makers/week8/blog/app/helpers/application_helper.rb": [
        1,
        null
      ],
      "/Users/elsushi/Makers/week8/blog/app/helpers/comments_helper.rb": [
        1,
        null
      ],
      "/Users/elsushi/Makers/week8/blog/app/helpers/posts_helper.rb": [
        1,
        null
      ],
      "/Users/elsushi/Makers/week8/blog/app/helpers/votes_helper.rb": [
        1,
        null
      ],
      "/Users/elsushi/Makers/week8/blog/app/helpers/welcome_helper.rb": [
        1,
        null
      ],
      "/Users/elsushi/Makers/week8/blog/app/controllers/votes_controller.rb": [
        1,
        null,
        1,
        0,
        0,
        null,
        0,
        null,
        null
      ],
      "/Users/elsushi/Makers/week8/blog/app/controllers/application_controller.rb": [
        1,
        null,
        null,
        1,
        null
      ],
      "/Users/elsushi/Makers/week8/blog/spec/features/post_feature_spec.rb": [
        1,
        null,
        1,
        0,
        null,
        null,
        1,
        null,
        1,
        1,
        0,
        null,
        0,
        null,
        null,
        1,
        1,
        0,
        null,
        null,
        null,
        null,
        1,
        1,
        1,
        1,
        0,
        0,
        null,
        0,
        null,
        null
      ],
      "/Users/elsushi/Makers/week8/blog/spec/features/posts_controller_spec.rb": [
        1,
        null,
        1,
        null,
        null
      ],
      "/Users/elsushi/Makers/week8/blog/app/controllers/posts_controller.rb": [
        1,
        null,
        1,
        null,
        null,
        1,
        0,
        null,
        null,
        1,
        0,
        null,
        null,
        1,
        0,
        0,
        0,
        null,
        0,
        null,
        null,
        null,
        1,
        0,
        null,
        null,
        1,
        0,
        null,
        0,
        0,
        null,
        0,
        null,
        null,
        null,
        null,
        1,
        0,
        null,
        null,
        1,
        1,
        null,
        null,
        1,
        0,
        0,
        null,
        0,
        null,
        null,
        null,
        1,
        1,
        0,
        null,
        null,
        null,
        null
      ],
      "/Users/elsushi/Makers/week8/blog/spec/features/voting_feature_spec.rb": [
        1,
        null,
        1,
        2,
        null,
        null,
        1,
        null,
        1,
        1,
        0,
        0,
        null,
        0,
        null,
        null,
        null
      ],
      "/Users/elsushi/Makers/week8/blog/spec/helpers/votes_helper_spec.rb": [
        1,
        null,
        null,
        null,
        null,
        null,
        null,
        null,
        null,
        null,
        null,
        null,
        1,
        1,
        null
      ],
      "/Users/elsushi/Makers/week8/blog/spec/models/post_spec.rb": [
        1,
        null,
        2,
        2,
        null,
        1,
        null,
        1,
        1,
        null,
        1,
        1,
        null,
        1,
        null,
        null,
        1,
        1,
        null,
        1,
        1,
        null,
        1,
        null,
        null,
        1,
        1,
        null,
        1,
        1,
        null,
        1,
        null,
        null,
        null,
        null
      ],
      "/Users/elsushi/Makers/week8/blog/app/models/post.rb": [
        1,
        1,
        1,
        1,
        null,
        null,
        null,
        1,
        3,
        2,
        null,
        null,
        null,
        1,
        null,
        1,
        0,
        null,
        null,
        1,
        0,
        null,
        null,
        null
      ],
      "/Users/elsushi/Makers/week8/blog/spec/models/vote_spec.rb": [
        1,
        null,
        1,
        2,
        null
      ],
      "/Users/elsushi/Makers/week8/blog/app/models/vote.rb": [
        1,
        1,
        null
      ]
    },
    "timestamp": 1385050102
  }
}
